{
  "stats": {
    "suites": 1,
    "tests": 1,
    "passes": 1,
    "pending": 0,
    "failures": 0,
    "start": "2023-04-26T23:36:26.171Z",
    "end": "2023-04-26T23:36:30.688Z",
    "duration": 4517,
    "testsRegistered": 1,
    "passPercent": 100,
    "pendingPercent": 0,
    "other": 0,
    "hasOther": false,
    "skipped": 0,
    "hasSkipped": false
  },
  "results": [
    {
      "uuid": "7c69050e-952d-4419-883d-178218cc937e",
      "title": "",
      "fullFile": "cypress\\e2e\\sendMessageUI.cy.js",
      "file": "cypress\\e2e\\sendMessageUI.cy.js",
      "beforeHooks": [],
      "afterHooks": [],
      "tests": [],
      "suites": [
        {
          "uuid": "9f117548-87bf-4300-ab74-201e777cbe37",
          "title": "Testing User interface and API of Restful booking platform",
          "fullFile": "",
          "file": "",
          "beforeHooks": [],
          "afterHooks": [],
          "tests": [
            {
              "title": "Testing form ui successfully sends message",
              "fullTitle": "Testing User interface and API of Restful booking platform Testing form ui successfully sends message",
              "timedOut": null,
              "duration": 4466,
              "state": "passed",
              "speed": "fast",
              "pass": true,
              "fail": false,
              "pending": false,
              "context": null,
              "code": "face.openSite();\nface.sendMessage();",
              "err": {},
              "uuid": "18cea38b-5443-4339-be39-c8ff7ed9d898",
              "parentUUID": "9f117548-87bf-4300-ab74-201e777cbe37",
              "isHook": false,
              "skipped": false
            }
          ],
          "suites": [],
          "passes": [
            "18cea38b-5443-4339-be39-c8ff7ed9d898"
          ],
          "failures": [],
          "pending": [],
          "skipped": [],
          "duration": 4466,
          "root": false,
          "rootEmpty": false,
          "_timeout": 2000
        }
      ],
      "passes": [],
      "failures": [],
      "pending": [],
      "skipped": [],
      "duration": 0,
      "root": true,
      "rootEmpty": true,
      "_timeout": 2000
    }
  ],
  "meta": {
    "mocha": {
      "version": "7.0.1"
    },
    "mochawesome": {
      "options": {
        "quiet": false,
        "reportFilename": "mochawesome",
        "saveHtml": true,
        "saveJson": true,
        "consoleReporter": "spec",
        "useInlineDiffs": false,
        "code": true
      },
      "version": "7.1.3"
    },
    "marge": {
      "options": null,
      "version": "6.2.0"
    }
  }
}